<?xml version="1.0" encoding="UTF-8"?>
<!-- Generated by org.testng.reporters.JUnitReportReporter -->
<testsuite hostname="DESKTOP-71PK68D" failures="0" tests="1" name="TestCases.VeryfyLogin" time="26.341" errors="0" timestamp="2022-11-09T11:57:07 IST" skipped="0">
  <testcase classname="TestCases.VeryfyLogin" name="Login" time="26.341"/>
  <system-out/>
</testsuite> <!-- TestCases.VeryfyLogin -->
